<?xml version="1.0" encoding="UTF-8"?>
<!-- Generated by org.testng.reporters.JUnitXMLReporter -->
<testsuite hostname="Asu_world" ignored="0" name="Default test" tests="3" failures="0" timestamp="10 Jan 2021 04:16:39 GMT" time="122.854" errors="0">
  <testcase name="verifyPage" time="39.949" classname="com.Amazon.TestExecution.searchElement"/>
  <testcase name="signUp" time="32.076" classname="com.Amazon.TestExecution.searchElement"/>
  <testcase name="proceedToPaymnetTab" time="14.464" classname="com.Amazon.TestExecution.searchElement"/>
</testsuite> <!-- Default test -->
