<?xml version="1.0" encoding="UTF-8"?>
<!-- Generated by org.testng.reporters.JUnitReportReporter -->
<testsuite skipped="0" hostname="Asu_world" name="com.Amazon.TestExecution.searchElement" tests="3" failures="0" timestamp="10 Jan 2021 04:34:21 GMT" time="84.097" errors="0">
  <testcase name="verifyPage" time="41.606" classname="com.Amazon.TestExecution.searchElement"/>
  <testcase name="signUp" time="31.605" classname="com.Amazon.TestExecution.searchElement"/>
  <testcase name="proceedToPaymnetTab" time="10.886" classname="com.Amazon.TestExecution.searchElement"/>
</testsuite> <!-- com.Amazon.TestExecution.searchElement -->
